{"C:\\Users\\domin\\Documents\\WebDev\\image-processor\\src\\app.ts": {"path":"C:\\Users\\domin\\Documents\\WebDev\\image-processor\\src\\app.ts","statementMap":{"0":{"start":{"line":1,"column":0},"end":{"line":1,"column":46}},"1":{"start":{"line":2,"column":0},"end":{"line":2,"column":52}},"2":{"start":{"line":4,"column":25},"end":{"line":4,"column":34}},"3":{"start":{"line":6,"column":0},"end":{"line":6,"column":null}},"4":{"start":{"line":8,"column":0},"end":{"line":8,"column":null}}},"fnMap":{},"branchMap":{},"s":{"0":1,"1":1,"2":1,"3":1,"4":1},"f":{},"b":{}}
,"C:\\Users\\domin\\Documents\\WebDev\\image-processor\\src\\controller.ts": {"path":"C:\\Users\\domin\\Documents\\WebDev\\image-processor\\src\\controller.ts","statementMap":{"0":{"start":{"line":2,"column":0},"end":{"line":2,"column":35}},"1":{"start":{"line":6,"column":22},"end":{"line":6,"column":46}},"2":{"start":{"line":7,"column":23},"end":{"line":7,"column":48}},"3":{"start":{"line":8,"column":8},"end":{"line":11,"column":null}},"4":{"start":{"line":9,"column":12},"end":{"line":9,"column":null}},"5":{"start":{"line":10,"column":12},"end":{"line":10,"column":18}},"6":{"start":{"line":12,"column":8},"end":{"line":12,"column":null}},"7":{"start":{"line":4,"column":0},"end":{"line":4,"column":13}},"8":{"start":{"line":16,"column":0},"end":{"line":16,"column":null}}},"fnMap":{"0":{"name":"(anonymous_1)","decl":{"start":{"line":5,"column":4},"end":{"line":5,"column":18}},"loc":{"start":{"line":5,"column":46},"end":{"line":13,"column":5}}}},"branchMap":{"0":{"loc":{"start":{"line":8,"column":8},"end":{"line":11,"column":null}},"type":"if","locations":[{"start":{"line":8,"column":8},"end":{"line":11,"column":null}}]},"1":{"loc":{"start":{"line":8,"column":12},"end":{"line":8,"column":41}},"type":"binary-expr","locations":[{"start":{"line":8,"column":12},"end":{"line":8,"column":24}},{"start":{"line":8,"column":28},"end":{"line":8,"column":41}}]}},"s":{"0":1,"1":2,"2":2,"3":2,"4":1,"5":1,"6":1,"7":1,"8":1},"f":{"0":2},"b":{"0":[1],"1":[2,2]}}
,"C:\\Users\\domin\\Documents\\WebDev\\image-processor\\src\\index.ts": {"path":"C:\\Users\\domin\\Documents\\WebDev\\image-processor\\src\\index.ts","statementMap":{"0":{"start":{"line":2,"column":0},"end":{"line":2,"column":23}},"1":{"start":{"line":4,"column":13},"end":{"line":4,"column":37}},"2":{"start":{"line":5,"column":0},"end":{"line":7,"column":null}},"3":{"start":{"line":6,"column":4},"end":{"line":6,"column":null}}},"fnMap":{"0":{"name":"(anonymous_1)","decl":{"start":{"line":5,"column":17},"end":{"line":5,"column":20}},"loc":{"start":{"line":5,"column":22},"end":{"line":7,"column":1}}}},"branchMap":{"0":{"loc":{"start":{"line":4,"column":13},"end":{"line":4,"column":37}},"type":"binary-expr","locations":[{"start":{"line":4,"column":13},"end":{"line":4,"column":29}},{"start":{"line":4,"column":33},"end":{"line":4,"column":37}}]}},"s":{"0":0,"1":0,"2":0,"3":0},"f":{"0":0},"b":{"0":[0,0]}}
,"C:\\Users\\domin\\Documents\\WebDev\\image-processor\\src\\services.ts": {"path":"C:\\Users\\domin\\Documents\\WebDev\\image-processor\\src\\services.ts","statementMap":{"0":{"start":{"line":3,"column":8},"end":{"line":5,"column":null}},"1":{"start":{"line":1,"column":0},"end":{"line":1,"column":13}},"2":{"start":{"line":9,"column":0},"end":{"line":9,"column":null}}},"fnMap":{"0":{"name":"(anonymous_0)","decl":{"start":{"line":2,"column":4},"end":{"line":2,"column":18}},"loc":{"start":{"line":2,"column":48},"end":{"line":6,"column":5}}}},"branchMap":{},"s":{"0":1,"1":1,"2":1},"f":{"0":1},"b":{}}
,"C:\\Users\\domin\\Documents\\WebDev\\image-processor\\src\\routes\\placeholder.ts": {"path":"C:\\Users\\domin\\Documents\\WebDev\\image-processor\\src\\routes\\placeholder.ts","statementMap":{"0":{"start":{"line":1,"column":0},"end":{"line":1,"column":32}},"1":{"start":{"line":2,"column":0},"end":{"line":2,"column":35}},"2":{"start":{"line":4,"column":23},"end":{"line":4,"column":31}},"3":{"start":{"line":6,"column":0},"end":{"line":6,"column":null}}},"fnMap":{},"branchMap":{},"s":{"0":1,"1":1,"2":1,"3":1},"f":{},"b":{}}
}
