{"C:\\Users\\domin\\Documents\\WebDev\\image-processor\\src\\app.ts": {"path":"C:\\Users\\domin\\Documents\\WebDev\\image-processor\\src\\app.ts","statementMap":{"0":{"start":{"line":1,"column":0},"end":{"line":1,"column":46}},"1":{"start":{"line":2,"column":0},"end":{"line":2,"column":36}},"2":{"start":{"line":3,"column":0},"end":{"line":3,"column":23}},"3":{"start":{"line":4,"column":0},"end":{"line":4,"column":19}},"4":{"start":{"line":6,"column":25},"end":{"line":6,"column":34}},"5":{"start":{"line":9,"column":13},"end":{"line":13,"column":null}},"6":{"start":{"line":11,"column":24},"end":{"line":11,"column":39}},"7":{"start":{"line":12,"column":21},"end":{"line":12,"column":32}},"8":{"start":{"line":16,"column":13},"end":{"line":21,"column":null}},"9":{"start":{"line":18,"column":24},"end":{"line":18,"column":39}},"10":{"start":{"line":19,"column":21},"end":{"line":19,"column":32}},"11":{"start":{"line":20,"column":23},"end":{"line":20,"column":45}},"12":{"start":{"line":24,"column":13},"end":{"line":28,"column":null}},"13":{"start":{"line":26,"column":24},"end":{"line":26,"column":39}},"14":{"start":{"line":27,"column":21},"end":{"line":27,"column":32}},"15":{"start":{"line":30,"column":0},"end":{"line":30,"column":null}},"16":{"start":{"line":32,"column":0},"end":{"line":32,"column":null}}},"fnMap":{"0":{"name":"(anonymous_1)","decl":{"start":{"line":11,"column":12},"end":{"line":11,"column":13}},"loc":{"start":{"line":11,"column":24},"end":{"line":11,"column":39}}},"1":{"name":"(anonymous_2)","decl":{"start":{"line":12,"column":9},"end":{"line":12,"column":10}},"loc":{"start":{"line":12,"column":21},"end":{"line":12,"column":32}}},"2":{"name":"(anonymous_3)","decl":{"start":{"line":18,"column":12},"end":{"line":18,"column":13}},"loc":{"start":{"line":18,"column":24},"end":{"line":18,"column":39}}},"3":{"name":"(anonymous_4)","decl":{"start":{"line":19,"column":9},"end":{"line":19,"column":10}},"loc":{"start":{"line":19,"column":21},"end":{"line":19,"column":32}}},"4":{"name":"(anonymous_5)","decl":{"start":{"line":20,"column":9},"end":{"line":20,"column":10}},"loc":{"start":{"line":20,"column":23},"end":{"line":20,"column":45}}},"5":{"name":"(anonymous_6)","decl":{"start":{"line":26,"column":12},"end":{"line":26,"column":13}},"loc":{"start":{"line":26,"column":24},"end":{"line":26,"column":39}}},"6":{"name":"(anonymous_7)","decl":{"start":{"line":27,"column":9},"end":{"line":27,"column":10}},"loc":{"start":{"line":27,"column":21},"end":{"line":27,"column":32}}}},"branchMap":{},"s":{"0":1,"1":1,"2":1,"3":1,"4":1,"5":1,"6":2,"7":2,"8":1,"9":7,"10":7,"11":7,"12":1,"13":2,"14":2,"15":1,"16":1},"f":{"0":2,"1":2,"2":7,"3":7,"4":7,"5":2,"6":2},"b":{}}
,"C:\\Users\\domin\\Documents\\WebDev\\image-processor\\src\\controller.ts": {"path":"C:\\Users\\domin\\Documents\\WebDev\\image-processor\\src\\controller.ts","statementMap":{"0":{"start":{"line":2,"column":0},"end":{"line":2,"column":35}},"1":{"start":{"line":6,"column":8},"end":{"line":12,"column":null}},"2":{"start":{"line":7,"column":26},"end":{"line":7,"column":50}},"3":{"start":{"line":8,"column":27},"end":{"line":8,"column":61}},"4":{"start":{"line":9,"column":12},"end":{"line":9,"column":null}},"5":{"start":{"line":11,"column":12},"end":{"line":11,"column":null}},"6":{"start":{"line":16,"column":8},"end":{"line":20,"column":null}},"7":{"start":{"line":17,"column":12},"end":{"line":17,"column":null}},"8":{"start":{"line":19,"column":12},"end":{"line":19,"column":null}},"9":{"start":{"line":24,"column":8},"end":{"line":31,"column":null}},"10":{"start":{"line":25,"column":30},"end":{"line":25,"column":50}},"11":{"start":{"line":26,"column":26},"end":{"line":26,"column":49}},"12":{"start":{"line":27,"column":27},"end":{"line":27,"column":60}},"13":{"start":{"line":28,"column":12},"end":{"line":28,"column":null}},"14":{"start":{"line":30,"column":12},"end":{"line":30,"column":null}},"15":{"start":{"line":4,"column":0},"end":{"line":4,"column":13}},"16":{"start":{"line":35,"column":0},"end":{"line":35,"column":null}}},"fnMap":{"0":{"name":"(anonymous_8)","decl":{"start":{"line":5,"column":10},"end":{"line":5,"column":24}},"loc":{"start":{"line":5,"column":52},"end":{"line":13,"column":null}}},"1":{"name":"(anonymous_10)","decl":{"start":{"line":15,"column":4},"end":{"line":15,"column":17}},"loc":{"start":{"line":15,"column":45},"end":{"line":21,"column":5}}},"2":{"name":"(anonymous_11)","decl":{"start":{"line":23,"column":10},"end":{"line":23,"column":25}},"loc":{"start":{"line":23,"column":53},"end":{"line":32,"column":null}}}},"branchMap":{"0":{"loc":{"start":{"line":8,"column":27},"end":{"line":8,"column":61}},"type":"binary-expr","locations":[{"start":{"line":8,"column":27},"end":{"line":8,"column":52}},{"start":{"line":8,"column":56},"end":{"line":8,"column":61}}]},"1":{"loc":{"start":{"line":27,"column":27},"end":{"line":27,"column":60}},"type":"binary-expr","locations":[{"start":{"line":27,"column":27},"end":{"line":27,"column":51}},{"start":{"line":27,"column":55},"end":{"line":27,"column":60}}]}},"s":{"0":1,"1":2,"2":2,"3":2,"4":2,"5":0,"6":1,"7":1,"8":0,"9":2,"10":2,"11":2,"12":2,"13":2,"14":0,"15":1,"16":1},"f":{"0":2,"1":1,"2":2},"b":{"0":[2,1],"1":[2,1]}}
,"C:\\Users\\domin\\Documents\\WebDev\\image-processor\\src\\index.ts": {"path":"C:\\Users\\domin\\Documents\\WebDev\\image-processor\\src\\index.ts","statementMap":{"0":{"start":{"line":1,"column":0},"end":{"line":1,"column":23}},"1":{"start":{"line":3,"column":13},"end":{"line":3,"column":17}},"2":{"start":{"line":5,"column":0},"end":{"line":7,"column":null}},"3":{"start":{"line":6,"column":4},"end":{"line":6,"column":null}}},"fnMap":{"0":{"name":"(anonymous_1)","decl":{"start":{"line":5,"column":17},"end":{"line":5,"column":20}},"loc":{"start":{"line":5,"column":22},"end":{"line":7,"column":1}}}},"branchMap":{},"s":{"0":0,"1":0,"2":0,"3":0},"f":{"0":0},"b":{}}
,"C:\\Users\\domin\\Documents\\WebDev\\image-processor\\src\\middleware.ts": {"path":"C:\\Users\\domin\\Documents\\WebDev\\image-processor\\src\\middleware.ts","statementMap":{"0":{"start":{"line":3,"column":0},"end":{"line":3,"column":34}},"1":{"start":{"line":5,"column":28},"end":{"line":5,"column":29}},"2":{"start":{"line":6,"column":28},"end":{"line":6,"column":32}},"3":{"start":{"line":8,"column":37},"end":{"line":23,"column":1}},"4":{"start":{"line":9,"column":18},"end":{"line":9,"column":42}},"5":{"start":{"line":10,"column":19},"end":{"line":10,"column":53}},"6":{"start":{"line":11,"column":4},"end":{"line":21,"column":null}},"7":{"start":{"line":19,"column":8},"end":{"line":19,"column":null}},"8":{"start":{"line":20,"column":8},"end":{"line":20,"column":14}},"9":{"start":{"line":22,"column":4},"end":{"line":22,"column":null}},"10":{"start":{"line":8,"column":13},"end":{"line":8,"column":37}},"11":{"start":{"line":25,"column":39},"end":{"line":45,"column":1}},"12":{"start":{"line":26,"column":22},"end":{"line":26,"column":42}},"13":{"start":{"line":27,"column":4},"end":{"line":30,"column":null}},"14":{"start":{"line":28,"column":8},"end":{"line":28,"column":null}},"15":{"start":{"line":29,"column":8},"end":{"line":29,"column":14}},"16":{"start":{"line":31,"column":18},"end":{"line":31,"column":41}},"17":{"start":{"line":32,"column":19},"end":{"line":32,"column":52}},"18":{"start":{"line":33,"column":4},"end":{"line":43,"column":null}},"19":{"start":{"line":41,"column":8},"end":{"line":41,"column":null}},"20":{"start":{"line":42,"column":8},"end":{"line":42,"column":14}},"21":{"start":{"line":44,"column":4},"end":{"line":44,"column":null}},"22":{"start":{"line":25,"column":13},"end":{"line":25,"column":39}}},"fnMap":{"0":{"name":"(anonymous_0)","decl":{"start":{"line":8,"column":37},"end":{"line":8,"column":38}},"loc":{"start":{"line":8,"column":95},"end":{"line":23,"column":1}}},"1":{"name":"(anonymous_1)","decl":{"start":{"line":25,"column":39},"end":{"line":25,"column":40}},"loc":{"start":{"line":25,"column":97},"end":{"line":45,"column":1}}}},"branchMap":{"0":{"loc":{"start":{"line":10,"column":19},"end":{"line":10,"column":53}},"type":"binary-expr","locations":[{"start":{"line":10,"column":19},"end":{"line":10,"column":44}},{"start":{"line":10,"column":48},"end":{"line":10,"column":53}}]},"1":{"loc":{"start":{"line":11,"column":4},"end":{"line":21,"column":null}},"type":"if","locations":[{"start":{"line":11,"column":4},"end":{"line":21,"column":null}}]},"2":{"loc":{"start":{"line":12,"column":8},"end":{"line":17,"column":36}},"type":"binary-expr","locations":[{"start":{"line":12,"column":8},"end":{"line":12,"column":20}},{"start":{"line":13,"column":8},"end":{"line":13,"column":35}},{"start":{"line":14,"column":8},"end":{"line":14,"column":35}},{"start":{"line":15,"column":8},"end":{"line":15,"column":21}},{"start":{"line":16,"column":8},"end":{"line":16,"column":36}},{"start":{"line":17,"column":8},"end":{"line":17,"column":36}}]},"3":{"loc":{"start":{"line":27,"column":4},"end":{"line":30,"column":null}},"type":"if","locations":[{"start":{"line":27,"column":4},"end":{"line":30,"column":null}}]},"4":{"loc":{"start":{"line":32,"column":19},"end":{"line":32,"column":52}},"type":"binary-expr","locations":[{"start":{"line":32,"column":19},"end":{"line":32,"column":43}},{"start":{"line":32,"column":47},"end":{"line":32,"column":52}}]},"5":{"loc":{"start":{"line":33,"column":4},"end":{"line":43,"column":null}},"type":"if","locations":[{"start":{"line":33,"column":4},"end":{"line":43,"column":null}}]},"6":{"loc":{"start":{"line":34,"column":8},"end":{"line":39,"column":36}},"type":"binary-expr","locations":[{"start":{"line":34,"column":8},"end":{"line":34,"column":20}},{"start":{"line":35,"column":8},"end":{"line":35,"column":35}},{"start":{"line":36,"column":8},"end":{"line":36,"column":35}},{"start":{"line":37,"column":8},"end":{"line":37,"column":21}},{"start":{"line":38,"column":8},"end":{"line":38,"column":36}},{"start":{"line":39,"column":8},"end":{"line":39,"column":36}}]}},"s":{"0":1,"1":1,"2":1,"3":1,"4":3,"5":3,"6":3,"7":1,"8":1,"9":2,"10":1,"11":1,"12":4,"13":4,"14":1,"15":1,"16":3,"17":3,"18":3,"19":1,"20":1,"21":2,"22":1},"f":{"0":3,"1":4},"b":{"0":[3,2],"1":[1],"2":[3,2,2,2,2,2],"3":[1],"4":[3,2],"5":[1],"6":[3,2,2,2,2,2]}}
,"C:\\Users\\domin\\Documents\\WebDev\\image-processor\\src\\services.ts": {"path":"C:\\Users\\domin\\Documents\\WebDev\\image-processor\\src\\services.ts","statementMap":{"0":{"start":{"line":1,"column":0},"end":{"line":1,"column":25}},"1":{"start":{"line":2,"column":0},"end":{"line":2,"column":23}},"2":{"start":{"line":3,"column":0},"end":{"line":3,"column":71}},"3":{"start":{"line":7,"column":8},"end":{"line":7,"column":null}},"4":{"start":{"line":11,"column":25},"end":{"line":11,"column":49}},"5":{"start":{"line":12,"column":25},"end":{"line":12,"column":70}},"6":{"start":{"line":13,"column":8},"end":{"line":21,"column":null}},"7":{"start":{"line":14,"column":12},"end":{"line":14,"column":null}},"8":{"start":{"line":16,"column":12},"end":{"line":18,"column":null}},"9":{"start":{"line":19,"column":12},"end":{"line":19,"column":null}},"10":{"start":{"line":20,"column":12},"end":{"line":20,"column":null}},"11":{"start":{"line":25,"column":8},"end":{"line":25,"column":null}},"12":{"start":{"line":29,"column":25},"end":{"line":29,"column":62}},"13":{"start":{"line":30,"column":25},"end":{"line":30,"column":66}},"14":{"start":{"line":31,"column":8},"end":{"line":33,"column":null}},"15":{"start":{"line":32,"column":12},"end":{"line":32,"column":null}},"16":{"start":{"line":34,"column":8},"end":{"line":37,"column":null}},"17":{"start":{"line":38,"column":8},"end":{"line":38,"column":null}},"18":{"start":{"line":39,"column":8},"end":{"line":39,"column":null}},"19":{"start":{"line":5,"column":0},"end":{"line":5,"column":13}},"20":{"start":{"line":43,"column":0},"end":{"line":43,"column":null}}},"fnMap":{"0":{"name":"(anonymous_8)","decl":{"start":{"line":6,"column":4},"end":{"line":6,"column":13}},"loc":{"start":{"line":6,"column":43},"end":{"line":8,"column":5}}},"1":{"name":"(anonymous_9)","decl":{"start":{"line":10,"column":10},"end":{"line":10,"column":24}},"loc":{"start":{"line":10,"column":54},"end":{"line":22,"column":null}}},"2":{"name":"(anonymous_11)","decl":{"start":{"line":24,"column":4},"end":{"line":24,"column":16}},"loc":{"start":{"line":24,"column":16},"end":{"line":26,"column":5}}},"3":{"name":"(anonymous_12)","decl":{"start":{"line":28,"column":10},"end":{"line":28,"column":25}},"loc":{"start":{"line":28,"column":74},"end":{"line":40,"column":null}}}},"branchMap":{"0":{"loc":{"start":{"line":13,"column":8},"end":{"line":21,"column":null}},"type":"if","locations":[{"start":{"line":13,"column":8},"end":{"line":21,"column":null}},{"start":{"line":15,"column":15},"end":{"line":21,"column":null}}]},"1":{"loc":{"start":{"line":31,"column":8},"end":{"line":33,"column":null}},"type":"if","locations":[{"start":{"line":31,"column":8},"end":{"line":33,"column":null}}]}},"s":{"0":1,"1":1,"2":1,"3":0,"4":2,"5":2,"6":2,"7":2,"8":0,"9":0,"10":0,"11":1,"12":2,"13":2,"14":2,"15":2,"16":0,"17":0,"18":0,"19":1,"20":1},"f":{"0":0,"1":2,"2":1,"3":2},"b":{"0":[2,0],"1":[2]}}
,"C:\\Users\\domin\\Documents\\WebDev\\image-processor\\src\\routes\\api\\images.ts": {"path":"C:\\Users\\domin\\Documents\\WebDev\\image-processor\\src\\routes\\api\\images.ts","statementMap":{"0":{"start":{"line":1,"column":0},"end":{"line":1,"column":32}},"1":{"start":{"line":2,"column":0},"end":{"line":2,"column":38}},"2":{"start":{"line":3,"column":0},"end":{"line":3,"column":58}},"3":{"start":{"line":5,"column":23},"end":{"line":5,"column":31}},"4":{"start":{"line":7,"column":0},"end":{"line":7,"column":null}},"5":{"start":{"line":9,"column":0},"end":{"line":9,"column":null}}},"fnMap":{},"branchMap":{},"s":{"0":1,"1":1,"2":1,"3":1,"4":1,"5":1},"f":{},"b":{}}
,"C:\\Users\\domin\\Documents\\WebDev\\image-processor\\src\\routes\\api\\index.ts": {"path":"C:\\Users\\domin\\Documents\\WebDev\\image-processor\\src\\routes\\api\\index.ts","statementMap":{"0":{"start":{"line":1,"column":0},"end":{"line":1,"column":32}},"1":{"start":{"line":2,"column":0},"end":{"line":2,"column":45}},"2":{"start":{"line":3,"column":0},"end":{"line":3,"column":35}},"3":{"start":{"line":5,"column":23},"end":{"line":5,"column":31}},"4":{"start":{"line":7,"column":0},"end":{"line":7,"column":null}}},"fnMap":{},"branchMap":{},"s":{"0":1,"1":1,"2":1,"3":1,"4":1},"f":{},"b":{}}
,"C:\\Users\\domin\\Documents\\WebDev\\image-processor\\src\\routes\\api\\placeholder.ts": {"path":"C:\\Users\\domin\\Documents\\WebDev\\image-processor\\src\\routes\\api\\placeholder.ts","statementMap":{"0":{"start":{"line":1,"column":0},"end":{"line":1,"column":32}},"1":{"start":{"line":2,"column":0},"end":{"line":2,"column":38}},"2":{"start":{"line":3,"column":0},"end":{"line":3,"column":56}},"3":{"start":{"line":5,"column":28},"end":{"line":5,"column":36}},"4":{"start":{"line":7,"column":0},"end":{"line":9,"column":null}},"5":{"start":{"line":11,"column":0},"end":{"line":11,"column":null}}},"fnMap":{},"branchMap":{},"s":{"0":1,"1":1,"2":1,"3":1,"4":1,"5":1},"f":{},"b":{}}
}
